[2023-01-31T14:31:03.153+0000] {taskinstance.py:1083} INFO - Dependencies all met for <TaskInstance: flights_data.mirror_flights manual__2023-01-31T14:31:02.548032+00:00 [queued]>
[2023-01-31T14:31:03.159+0000] {taskinstance.py:1083} INFO - Dependencies all met for <TaskInstance: flights_data.mirror_flights manual__2023-01-31T14:31:02.548032+00:00 [queued]>
[2023-01-31T14:31:03.159+0000] {taskinstance.py:1279} INFO - 
--------------------------------------------------------------------------------
[2023-01-31T14:31:03.160+0000] {taskinstance.py:1280} INFO - Starting attempt 1 of 1
[2023-01-31T14:31:03.160+0000] {taskinstance.py:1281} INFO - 
--------------------------------------------------------------------------------
[2023-01-31T14:31:03.168+0000] {taskinstance.py:1300} INFO - Executing <Task(PythonOperator): mirror_flights> on 2023-01-31 14:31:02.548032+00:00
[2023-01-31T14:31:03.173+0000] {standard_task_runner.py:55} INFO - Started process 730 to run task
[2023-01-31T14:31:03.177+0000] {standard_task_runner.py:82} INFO - Running: ['***', 'tasks', 'run', 'flights_data', 'mirror_flights', 'manual__2023-01-31T14:31:02.548032+00:00', '--job-id', '115', '--raw', '--subdir', 'DAGS_FOLDER/flights_dag.py', '--cfg-path', '/tmp/tmpq0zs9wsg']
[2023-01-31T14:31:03.178+0000] {standard_task_runner.py:83} INFO - Job 115: Subtask mirror_flights
[2023-01-31T14:31:03.232+0000] {task_command.py:388} INFO - Running <TaskInstance: flights_data.mirror_flights manual__2023-01-31T14:31:02.548032+00:00 [running]> on host 4d49ce0454d7
[2023-01-31T14:31:03.280+0000] {taskinstance.py:1509} INFO - Exporting the following env vars:
AIRFLOW_CTX_DAG_OWNER=***
AIRFLOW_CTX_DAG_ID=flights_data
AIRFLOW_CTX_TASK_ID=mirror_flights
AIRFLOW_CTX_EXECUTION_DATE=2023-01-31T14:31:02.548032+00:00
AIRFLOW_CTX_TRY_NUMBER=1
AIRFLOW_CTX_DAG_RUN_ID=manual__2023-01-31T14:31:02.548032+00:00
[2023-01-31T14:31:03.540+0000] {python.py:177} INFO - Done. Returned value was: None
[2023-01-31T14:31:03.548+0000] {taskinstance.py:1323} INFO - Marking task as SUCCESS. dag_id=flights_data, task_id=mirror_flights, execution_date=20230131T143102, start_date=20230131T143103, end_date=20230131T143103
[2023-01-31T14:31:03.591+0000] {local_task_job.py:208} INFO - Task exited with return code 0
[2023-01-31T14:31:03.610+0000] {taskinstance.py:2578} INFO - 0 downstream tasks scheduled from follow-on schedule check
