[2023-01-30T12:52:24.613+0000] {taskinstance.py:1083} INFO - Dependencies all met for <TaskInstance: flights_data.dbt_step manual__2023-01-30T12:52:21.801801+00:00 [queued]>
[2023-01-30T12:52:24.619+0000] {taskinstance.py:1083} INFO - Dependencies all met for <TaskInstance: flights_data.dbt_step manual__2023-01-30T12:52:21.801801+00:00 [queued]>
[2023-01-30T12:52:24.619+0000] {taskinstance.py:1279} INFO - 
--------------------------------------------------------------------------------
[2023-01-30T12:52:24.620+0000] {taskinstance.py:1280} INFO - Starting attempt 1 of 1
[2023-01-30T12:52:24.620+0000] {taskinstance.py:1281} INFO - 
--------------------------------------------------------------------------------
[2023-01-30T12:52:24.628+0000] {taskinstance.py:1300} INFO - Executing <Task(BashOperator): dbt_step> on 2023-01-30 12:52:21.801801+00:00
[2023-01-30T12:52:24.634+0000] {standard_task_runner.py:55} INFO - Started process 17973 to run task
[2023-01-30T12:52:24.637+0000] {standard_task_runner.py:82} INFO - Running: ['***', 'tasks', 'run', 'flights_data', 'dbt_step', 'manual__2023-01-30T12:52:21.801801+00:00', '--job-id', '70', '--raw', '--subdir', 'DAGS_FOLDER/simple_dag.py', '--cfg-path', '/tmp/tmpbc9_q8qu']
[2023-01-30T12:52:24.638+0000] {standard_task_runner.py:83} INFO - Job 70: Subtask dbt_step
[2023-01-30T12:52:24.692+0000] {task_command.py:388} INFO - Running <TaskInstance: flights_data.dbt_step manual__2023-01-30T12:52:21.801801+00:00 [running]> on host f9ad67e64070
[2023-01-30T12:52:24.741+0000] {taskinstance.py:1509} INFO - Exporting the following env vars:
AIRFLOW_CTX_DAG_OWNER=***
AIRFLOW_CTX_DAG_ID=flights_data
AIRFLOW_CTX_TASK_ID=dbt_step
AIRFLOW_CTX_EXECUTION_DATE=2023-01-30T12:52:21.801801+00:00
AIRFLOW_CTX_TRY_NUMBER=1
AIRFLOW_CTX_DAG_RUN_ID=manual__2023-01-30T12:52:21.801801+00:00
[2023-01-30T12:52:24.744+0000] {subprocess.py:63} INFO - Tmp dir root location: 
 /tmp
[2023-01-30T12:52:24.745+0000] {subprocess.py:75} INFO - Running command: ['/bin/bash', '-c', 'cd /dev && ls']
[2023-01-30T12:52:24.758+0000] {subprocess.py:86} INFO - Output:
[2023-01-30T12:52:24.762+0000] {subprocess.py:93} INFO - core
[2023-01-30T12:52:24.762+0000] {subprocess.py:93} INFO - fd
[2023-01-30T12:52:24.763+0000] {subprocess.py:93} INFO - full
[2023-01-30T12:52:24.764+0000] {subprocess.py:93} INFO - mqueue
[2023-01-30T12:52:24.764+0000] {subprocess.py:93} INFO - null
[2023-01-30T12:52:24.764+0000] {subprocess.py:93} INFO - ptmx
[2023-01-30T12:52:24.765+0000] {subprocess.py:93} INFO - pts
[2023-01-30T12:52:24.765+0000] {subprocess.py:93} INFO - random
[2023-01-30T12:52:24.766+0000] {subprocess.py:93} INFO - shm
[2023-01-30T12:52:24.766+0000] {subprocess.py:93} INFO - stderr
[2023-01-30T12:52:24.766+0000] {subprocess.py:93} INFO - stdin
[2023-01-30T12:52:24.767+0000] {subprocess.py:93} INFO - stdout
[2023-01-30T12:52:24.767+0000] {subprocess.py:93} INFO - tty
[2023-01-30T12:52:24.768+0000] {subprocess.py:93} INFO - urandom
[2023-01-30T12:52:24.768+0000] {subprocess.py:93} INFO - zero
[2023-01-30T12:52:24.768+0000] {subprocess.py:97} INFO - Command exited with return code 0
[2023-01-30T12:52:24.794+0000] {taskinstance.py:1323} INFO - Marking task as SUCCESS. dag_id=flights_data, task_id=dbt_step, execution_date=20230130T125221, start_date=20230130T125224, end_date=20230130T125224
[2023-01-30T12:52:24.851+0000] {local_task_job.py:208} INFO - Task exited with return code 0
[2023-01-30T12:52:24.865+0000] {taskinstance.py:2578} INFO - 0 downstream tasks scheduled from follow-on schedule check
