[2023-01-31T14:13:45.276+0000] {taskinstance.py:1083} INFO - Dependencies all met for <TaskInstance: flights_data.mirror_countries manual__2023-01-31T14:13:44.079914+00:00 [queued]>
[2023-01-31T14:13:45.297+0000] {taskinstance.py:1083} INFO - Dependencies all met for <TaskInstance: flights_data.mirror_countries manual__2023-01-31T14:13:44.079914+00:00 [queued]>
[2023-01-31T14:13:45.298+0000] {taskinstance.py:1279} INFO - 
--------------------------------------------------------------------------------
[2023-01-31T14:13:45.298+0000] {taskinstance.py:1280} INFO - Starting attempt 1 of 1
[2023-01-31T14:13:45.299+0000] {taskinstance.py:1281} INFO - 
--------------------------------------------------------------------------------
[2023-01-31T14:13:45.317+0000] {taskinstance.py:1300} INFO - Executing <Task(PythonOperator): mirror_countries> on 2023-01-31 14:13:44.079914+00:00
[2023-01-31T14:13:45.323+0000] {standard_task_runner.py:55} INFO - Started process 23925 to run task
[2023-01-31T14:13:45.341+0000] {standard_task_runner.py:82} INFO - Running: ['***', 'tasks', 'run', 'flights_data', 'mirror_countries', 'manual__2023-01-31T14:13:44.079914+00:00', '--job-id', '104', '--raw', '--subdir', 'DAGS_FOLDER/flights_dag.py', '--cfg-path', '/tmp/tmpi7lp7ch7']
[2023-01-31T14:13:45.347+0000] {standard_task_runner.py:83} INFO - Job 104: Subtask mirror_countries
[2023-01-31T14:13:45.425+0000] {task_command.py:388} INFO - Running <TaskInstance: flights_data.mirror_countries manual__2023-01-31T14:13:44.079914+00:00 [running]> on host 4d49ce0454d7
[2023-01-31T14:13:45.482+0000] {taskinstance.py:1509} INFO - Exporting the following env vars:
AIRFLOW_CTX_DAG_OWNER=***
AIRFLOW_CTX_DAG_ID=flights_data
AIRFLOW_CTX_TASK_ID=mirror_countries
AIRFLOW_CTX_EXECUTION_DATE=2023-01-31T14:13:44.079914+00:00
AIRFLOW_CTX_TRY_NUMBER=1
AIRFLOW_CTX_DAG_RUN_ID=manual__2023-01-31T14:13:44.079914+00:00
[2023-01-31T14:13:46.163+0000] {python.py:177} INFO - Done. Returned value was: None
[2023-01-31T14:13:46.175+0000] {taskinstance.py:1323} INFO - Marking task as SUCCESS. dag_id=flights_data, task_id=mirror_countries, execution_date=20230131T141344, start_date=20230131T141345, end_date=20230131T141346
[2023-01-31T14:13:46.228+0000] {local_task_job.py:208} INFO - Task exited with return code 0
[2023-01-31T14:13:46.254+0000] {taskinstance.py:2578} INFO - 0 downstream tasks scheduled from follow-on schedule check
