[2023-01-30T16:42:37.302+0000] {taskinstance.py:1083} INFO - Dependencies all met for <TaskInstance: flights_data.dbt_step manual__2023-01-30T16:42:35.897145+00:00 [queued]>
[2023-01-30T16:42:37.307+0000] {taskinstance.py:1083} INFO - Dependencies all met for <TaskInstance: flights_data.dbt_step manual__2023-01-30T16:42:35.897145+00:00 [queued]>
[2023-01-30T16:42:37.308+0000] {taskinstance.py:1279} INFO - 
--------------------------------------------------------------------------------
[2023-01-30T16:42:37.309+0000] {taskinstance.py:1280} INFO - Starting attempt 1 of 1
[2023-01-30T16:42:37.309+0000] {taskinstance.py:1281} INFO - 
--------------------------------------------------------------------------------
[2023-01-30T16:42:37.317+0000] {taskinstance.py:1300} INFO - Executing <Task(BashOperator): dbt_step> on 2023-01-30 16:42:35.897145+00:00
[2023-01-30T16:42:37.322+0000] {standard_task_runner.py:55} INFO - Started process 602 to run task
[2023-01-30T16:42:37.325+0000] {standard_task_runner.py:82} INFO - Running: ['***', 'tasks', 'run', 'flights_data', 'dbt_step', 'manual__2023-01-30T16:42:35.897145+00:00', '--job-id', '97', '--raw', '--subdir', 'DAGS_FOLDER/simple_dag.py', '--cfg-path', '/tmp/tmpb328cbge']
[2023-01-30T16:42:37.326+0000] {standard_task_runner.py:83} INFO - Job 97: Subtask dbt_step
[2023-01-30T16:42:37.380+0000] {task_command.py:388} INFO - Running <TaskInstance: flights_data.dbt_step manual__2023-01-30T16:42:35.897145+00:00 [running]> on host 4d49ce0454d7
[2023-01-30T16:42:37.428+0000] {taskinstance.py:1509} INFO - Exporting the following env vars:
AIRFLOW_CTX_DAG_OWNER=***
AIRFLOW_CTX_DAG_ID=flights_data
AIRFLOW_CTX_TASK_ID=dbt_step
AIRFLOW_CTX_EXECUTION_DATE=2023-01-30T16:42:35.897145+00:00
AIRFLOW_CTX_TRY_NUMBER=1
AIRFLOW_CTX_DAG_RUN_ID=manual__2023-01-30T16:42:35.897145+00:00
[2023-01-30T16:42:37.430+0000] {subprocess.py:63} INFO - Tmp dir root location: 
 /tmp
[2023-01-30T16:42:37.431+0000] {subprocess.py:75} INFO - Running command: ['/bin/bash', '-c', 'ls']
[2023-01-30T16:42:37.444+0000] {subprocess.py:86} INFO - Output:
[2023-01-30T16:42:37.448+0000] {subprocess.py:97} INFO - Command exited with return code 0
[2023-01-30T16:42:37.469+0000] {taskinstance.py:1323} INFO - Marking task as SUCCESS. dag_id=flights_data, task_id=dbt_step, execution_date=20230130T164235, start_date=20230130T164237, end_date=20230130T164237
[2023-01-30T16:42:37.496+0000] {local_task_job.py:208} INFO - Task exited with return code 0
[2023-01-30T16:42:37.511+0000] {taskinstance.py:2578} INFO - 0 downstream tasks scheduled from follow-on schedule check
