[2023-01-31T14:29:17.973+0000] {taskinstance.py:1083} INFO - Dependencies all met for <TaskInstance: flights_data.dbt_step manual__2023-01-31T14:29:15.638232+00:00 [queued]>
[2023-01-31T14:29:17.979+0000] {taskinstance.py:1083} INFO - Dependencies all met for <TaskInstance: flights_data.dbt_step manual__2023-01-31T14:29:15.638232+00:00 [queued]>
[2023-01-31T14:29:17.980+0000] {taskinstance.py:1279} INFO - 
--------------------------------------------------------------------------------
[2023-01-31T14:29:17.980+0000] {taskinstance.py:1280} INFO - Starting attempt 1 of 1
[2023-01-31T14:29:17.981+0000] {taskinstance.py:1281} INFO - 
--------------------------------------------------------------------------------
[2023-01-31T14:29:17.988+0000] {taskinstance.py:1300} INFO - Executing <Task(BashOperator): dbt_step> on 2023-01-31 14:29:15.638232+00:00
[2023-01-31T14:29:17.993+0000] {standard_task_runner.py:55} INFO - Started process 586 to run task
[2023-01-31T14:29:17.996+0000] {standard_task_runner.py:82} INFO - Running: ['***', 'tasks', 'run', 'flights_data', 'dbt_step', 'manual__2023-01-31T14:29:15.638232+00:00', '--job-id', '114', '--raw', '--subdir', 'DAGS_FOLDER/flights_dag.py', '--cfg-path', '/tmp/tmpjhvl3v9d']
[2023-01-31T14:29:17.997+0000] {standard_task_runner.py:83} INFO - Job 114: Subtask dbt_step
[2023-01-31T14:29:18.047+0000] {task_command.py:388} INFO - Running <TaskInstance: flights_data.dbt_step manual__2023-01-31T14:29:15.638232+00:00 [running]> on host 4d49ce0454d7
[2023-01-31T14:29:18.091+0000] {taskinstance.py:1509} INFO - Exporting the following env vars:
AIRFLOW_CTX_DAG_OWNER=***
AIRFLOW_CTX_DAG_ID=flights_data
AIRFLOW_CTX_TASK_ID=dbt_step
AIRFLOW_CTX_EXECUTION_DATE=2023-01-31T14:29:15.638232+00:00
AIRFLOW_CTX_TRY_NUMBER=1
AIRFLOW_CTX_DAG_RUN_ID=manual__2023-01-31T14:29:15.638232+00:00
[2023-01-31T14:29:18.094+0000] {subprocess.py:63} INFO - Tmp dir root location: 
 /tmp
[2023-01-31T14:29:18.095+0000] {subprocess.py:75} INFO - Running command: ['/bin/bash', '-c', 'cd /opt/***/dbt && dbt run']
[2023-01-31T14:29:18.105+0000] {subprocess.py:86} INFO - Output:
[2023-01-31T14:29:20.539+0000] {subprocess.py:93} INFO - [0m14:29:19  Running with dbt=1.4.1
[2023-01-31T14:29:20.548+0000] {subprocess.py:93} INFO - [0m14:29:19  [[33mWARNING[0m]: Configuration paths exist in your dbt_project.yml file which do not apply to any resources.
[2023-01-31T14:29:20.550+0000] {subprocess.py:93} INFO - There are 2 unused configuration paths:
[2023-01-31T14:29:20.551+0000] {subprocess.py:93} INFO - - models.dbt.2_staging
[2023-01-31T14:29:20.552+0000] {subprocess.py:93} INFO - - models.dbt.1_mirror
[2023-01-31T14:29:20.554+0000] {subprocess.py:93} INFO - [0m14:29:19  Found 5 models, 2 tests, 0 snapshots, 0 analyses, 289 macros, 0 operations, 0 seed files, 2 sources, 0 exposures, 0 metrics
[2023-01-31T14:29:20.555+0000] {subprocess.py:93} INFO - [0m14:29:19
[2023-01-31T14:29:20.557+0000] {subprocess.py:93} INFO - [0m14:29:19  Concurrency: 4 threads (target='dev')
[2023-01-31T14:29:20.558+0000] {subprocess.py:93} INFO - [0m14:29:19
[2023-01-31T14:29:20.559+0000] {subprocess.py:93} INFO - [0m14:29:19  1 of 5 START sql table model analysis.mrr_countries ............................ [RUN]
[2023-01-31T14:29:20.561+0000] {subprocess.py:93} INFO - [0m14:29:19  2 of 5 START sql table model analysis.mrr_flights .............................. [RUN]
[2023-01-31T14:29:20.562+0000] {subprocess.py:93} INFO - [0m14:29:19  1 of 5 OK created sql table model analysis.mrr_countries ....................... [[32mSELECT 250[0m in 0.13s]
[2023-01-31T14:29:20.563+0000] {subprocess.py:93} INFO - [0m14:29:19  2 of 5 OK created sql table model analysis.mrr_flights ......................... [[32mSELECT 2347[0m in 0.13s]
[2023-01-31T14:29:20.564+0000] {subprocess.py:93} INFO - [0m14:29:19  3 of 5 START sql table model analysis.agg_countries ............................ [RUN]
[2023-01-31T14:29:20.565+0000] {subprocess.py:93} INFO - [0m14:29:19  4 of 5 START sql incremental model analysis.log_flights ........................ [RUN]
[2023-01-31T14:29:20.566+0000] {subprocess.py:93} INFO - [0m14:29:19  3 of 5 OK created sql table model analysis.agg_countries ....................... [[32mSELECT 250[0m in 0.11s]
[2023-01-31T14:29:20.569+0000] {subprocess.py:93} INFO - [0m14:29:19  4 of 5 OK created sql incremental model analysis.log_flights ................... [[32mINSERT 0 2347[0m in 0.13s]
[2023-01-31T14:29:20.570+0000] {subprocess.py:93} INFO - [0m14:29:19  5 of 5 START sql table model analysis.agg_flights .............................. [RUN]
[2023-01-31T14:29:20.571+0000] {subprocess.py:93} INFO - [0m14:29:19  5 of 5 OK created sql table model analysis.agg_flights ......................... [[32mSELECT 514[0m in 0.11s]
[2023-01-31T14:29:20.572+0000] {subprocess.py:93} INFO - [0m14:29:19
[2023-01-31T14:29:20.573+0000] {subprocess.py:93} INFO - [0m14:29:19  Finished running 4 table models, 1 incremental model in 0 hours 0 minutes and 0.52 seconds (0.52s).
[2023-01-31T14:29:20.574+0000] {subprocess.py:93} INFO - [0m14:29:19
[2023-01-31T14:29:20.575+0000] {subprocess.py:93} INFO - [0m14:29:19  [32mCompleted successfully[0m
[2023-01-31T14:29:20.576+0000] {subprocess.py:93} INFO - [0m14:29:19
[2023-01-31T14:29:20.577+0000] {subprocess.py:93} INFO - [0m14:29:19  Done. PASS=5 WARN=0 ERROR=0 SKIP=0 TOTAL=5
[2023-01-31T14:29:20.692+0000] {subprocess.py:97} INFO - Command exited with return code 0
[2023-01-31T14:29:20.714+0000] {taskinstance.py:1323} INFO - Marking task as SUCCESS. dag_id=flights_data, task_id=dbt_step, execution_date=20230131T142915, start_date=20230131T142917, end_date=20230131T142920
[2023-01-31T14:29:20.752+0000] {local_task_job.py:208} INFO - Task exited with return code 0
[2023-01-31T14:29:20.771+0000] {taskinstance.py:2578} INFO - 0 downstream tasks scheduled from follow-on schedule check
