[2023-01-30T12:40:51.370+0000] {taskinstance.py:1083} INFO - Dependencies all met for <TaskInstance: flights_data.mirror_flights manual__2023-01-30T12:40:50.684200+00:00 [queued]>
[2023-01-30T12:40:51.377+0000] {taskinstance.py:1083} INFO - Dependencies all met for <TaskInstance: flights_data.mirror_flights manual__2023-01-30T12:40:50.684200+00:00 [queued]>
[2023-01-30T12:40:51.377+0000] {taskinstance.py:1279} INFO - 
--------------------------------------------------------------------------------
[2023-01-30T12:40:51.378+0000] {taskinstance.py:1280} INFO - Starting attempt 1 of 1
[2023-01-30T12:40:51.379+0000] {taskinstance.py:1281} INFO - 
--------------------------------------------------------------------------------
[2023-01-30T12:40:51.386+0000] {taskinstance.py:1300} INFO - Executing <Task(PythonOperator): mirror_flights> on 2023-01-30 12:40:50.684200+00:00
[2023-01-30T12:40:51.392+0000] {standard_task_runner.py:55} INFO - Started process 17182 to run task
[2023-01-30T12:40:51.397+0000] {standard_task_runner.py:82} INFO - Running: ['***', 'tasks', 'run', 'flights_data', 'mirror_flights', 'manual__2023-01-30T12:40:50.684200+00:00', '--job-id', '60', '--raw', '--subdir', 'DAGS_FOLDER/simple_dag.py', '--cfg-path', '/tmp/tmp0kevn99u']
[2023-01-30T12:40:51.398+0000] {standard_task_runner.py:83} INFO - Job 60: Subtask mirror_flights
[2023-01-30T12:40:51.455+0000] {task_command.py:388} INFO - Running <TaskInstance: flights_data.mirror_flights manual__2023-01-30T12:40:50.684200+00:00 [running]> on host f9ad67e64070
[2023-01-30T12:40:51.521+0000] {taskinstance.py:1509} INFO - Exporting the following env vars:
AIRFLOW_CTX_DAG_OWNER=***
AIRFLOW_CTX_DAG_ID=flights_data
AIRFLOW_CTX_TASK_ID=mirror_flights
AIRFLOW_CTX_EXECUTION_DATE=2023-01-30T12:40:50.684200+00:00
AIRFLOW_CTX_TRY_NUMBER=1
AIRFLOW_CTX_DAG_RUN_ID=manual__2023-01-30T12:40:50.684200+00:00
[2023-01-30T12:40:51.788+0000] {python.py:177} INFO - Done. Returned value was: None
[2023-01-30T12:40:51.797+0000] {taskinstance.py:1323} INFO - Marking task as SUCCESS. dag_id=flights_data, task_id=mirror_flights, execution_date=20230130T124050, start_date=20230130T124051, end_date=20230130T124051
[2023-01-30T12:40:51.850+0000] {local_task_job.py:208} INFO - Task exited with return code 0
[2023-01-30T12:40:51.870+0000] {taskinstance.py:2578} INFO - 0 downstream tasks scheduled from follow-on schedule check
