[2023-01-30T12:42:36.304+0000] {taskinstance.py:1083} INFO - Dependencies all met for <TaskInstance: flights_data.dbt_step manual__2023-01-30T12:42:33.670185+00:00 [queued]>
[2023-01-30T12:42:36.310+0000] {taskinstance.py:1083} INFO - Dependencies all met for <TaskInstance: flights_data.dbt_step manual__2023-01-30T12:42:33.670185+00:00 [queued]>
[2023-01-30T12:42:36.310+0000] {taskinstance.py:1279} INFO - 
--------------------------------------------------------------------------------
[2023-01-30T12:42:36.311+0000] {taskinstance.py:1280} INFO - Starting attempt 1 of 1
[2023-01-30T12:42:36.311+0000] {taskinstance.py:1281} INFO - 
--------------------------------------------------------------------------------
[2023-01-30T12:42:36.319+0000] {taskinstance.py:1300} INFO - Executing <Task(BashOperator): dbt_step> on 2023-01-30 12:42:33.670185+00:00
[2023-01-30T12:42:36.324+0000] {standard_task_runner.py:55} INFO - Started process 17314 to run task
[2023-01-30T12:42:36.327+0000] {standard_task_runner.py:82} INFO - Running: ['***', 'tasks', 'run', 'flights_data', 'dbt_step', 'manual__2023-01-30T12:42:33.670185+00:00', '--job-id', '64', '--raw', '--subdir', 'DAGS_FOLDER/simple_dag.py', '--cfg-path', '/tmp/tmpddz9o3vx']
[2023-01-30T12:42:36.328+0000] {standard_task_runner.py:83} INFO - Job 64: Subtask dbt_step
[2023-01-30T12:42:36.380+0000] {task_command.py:388} INFO - Running <TaskInstance: flights_data.dbt_step manual__2023-01-30T12:42:33.670185+00:00 [running]> on host f9ad67e64070
[2023-01-30T12:42:36.427+0000] {taskinstance.py:1509} INFO - Exporting the following env vars:
AIRFLOW_CTX_DAG_OWNER=***
AIRFLOW_CTX_DAG_ID=flights_data
AIRFLOW_CTX_TASK_ID=dbt_step
AIRFLOW_CTX_EXECUTION_DATE=2023-01-30T12:42:33.670185+00:00
AIRFLOW_CTX_TRY_NUMBER=1
AIRFLOW_CTX_DAG_RUN_ID=manual__2023-01-30T12:42:33.670185+00:00
[2023-01-30T12:42:36.430+0000] {subprocess.py:63} INFO - Tmp dir root location: 
 /tmp
[2023-01-30T12:42:36.431+0000] {subprocess.py:75} INFO - Running command: ['/bin/bash', '-c', 'cd /home && ls']
[2023-01-30T12:42:36.442+0000] {subprocess.py:86} INFO - Output:
[2023-01-30T12:42:36.445+0000] {subprocess.py:93} INFO - ***
[2023-01-30T12:42:36.446+0000] {subprocess.py:97} INFO - Command exited with return code 0
[2023-01-30T12:42:36.467+0000] {taskinstance.py:1323} INFO - Marking task as SUCCESS. dag_id=flights_data, task_id=dbt_step, execution_date=20230130T124233, start_date=20230130T124236, end_date=20230130T124236
[2023-01-30T12:42:36.499+0000] {local_task_job.py:208} INFO - Task exited with return code 0
[2023-01-30T12:42:36.513+0000] {taskinstance.py:2578} INFO - 0 downstream tasks scheduled from follow-on schedule check
