[2023-01-30T12:23:18.268+0000] {taskinstance.py:1083} INFO - Dependencies all met for <TaskInstance: flights_data.mirror_countries manual__2023-01-30T12:23:17.654818+00:00 [queued]>
[2023-01-30T12:23:18.274+0000] {taskinstance.py:1083} INFO - Dependencies all met for <TaskInstance: flights_data.mirror_countries manual__2023-01-30T12:23:17.654818+00:00 [queued]>
[2023-01-30T12:23:18.274+0000] {taskinstance.py:1279} INFO - 
--------------------------------------------------------------------------------
[2023-01-30T12:23:18.275+0000] {taskinstance.py:1280} INFO - Starting attempt 1 of 1
[2023-01-30T12:23:18.275+0000] {taskinstance.py:1281} INFO - 
--------------------------------------------------------------------------------
[2023-01-30T12:23:18.283+0000] {taskinstance.py:1300} INFO - Executing <Task(PythonOperator): mirror_countries> on 2023-01-30 12:23:17.654818+00:00
[2023-01-30T12:23:18.289+0000] {standard_task_runner.py:55} INFO - Started process 15965 to run task
[2023-01-30T12:23:18.294+0000] {standard_task_runner.py:82} INFO - Running: ['***', 'tasks', 'run', 'flights_data', 'mirror_countries', 'manual__2023-01-30T12:23:17.654818+00:00', '--job-id', '35', '--raw', '--subdir', 'DAGS_FOLDER/simple_dag.py', '--cfg-path', '/tmp/tmpk5qvgtza']
[2023-01-30T12:23:18.295+0000] {standard_task_runner.py:83} INFO - Job 35: Subtask mirror_countries
[2023-01-30T12:23:18.349+0000] {task_command.py:388} INFO - Running <TaskInstance: flights_data.mirror_countries manual__2023-01-30T12:23:17.654818+00:00 [running]> on host f9ad67e64070
[2023-01-30T12:23:18.400+0000] {taskinstance.py:1509} INFO - Exporting the following env vars:
AIRFLOW_CTX_DAG_OWNER=***
AIRFLOW_CTX_DAG_ID=flights_data
AIRFLOW_CTX_TASK_ID=mirror_countries
AIRFLOW_CTX_EXECUTION_DATE=2023-01-30T12:23:17.654818+00:00
AIRFLOW_CTX_TRY_NUMBER=1
AIRFLOW_CTX_DAG_RUN_ID=manual__2023-01-30T12:23:17.654818+00:00
[2023-01-30T12:23:19.004+0000] {python.py:177} INFO - Done. Returned value was: None
[2023-01-30T12:23:19.013+0000] {taskinstance.py:1323} INFO - Marking task as SUCCESS. dag_id=flights_data, task_id=mirror_countries, execution_date=20230130T122317, start_date=20230130T122318, end_date=20230130T122319
[2023-01-30T12:23:19.070+0000] {local_task_job.py:208} INFO - Task exited with return code 0
[2023-01-30T12:23:19.086+0000] {taskinstance.py:2578} INFO - 1 downstream tasks scheduled from follow-on schedule check
