[2023-01-31T15:00:01.499+0000] {taskinstance.py:1083} INFO - Dependencies all met for <TaskInstance: flights_data.mirror_flights scheduled__2023-01-31T14:00:00+00:00 [queued]>
[2023-01-31T15:00:01.505+0000] {taskinstance.py:1083} INFO - Dependencies all met for <TaskInstance: flights_data.mirror_flights scheduled__2023-01-31T14:00:00+00:00 [queued]>
[2023-01-31T15:00:01.506+0000] {taskinstance.py:1279} INFO - 
--------------------------------------------------------------------------------
[2023-01-31T15:00:01.506+0000] {taskinstance.py:1280} INFO - Starting attempt 1 of 1
[2023-01-31T15:00:01.508+0000] {taskinstance.py:1281} INFO - 
--------------------------------------------------------------------------------
[2023-01-31T15:00:01.518+0000] {taskinstance.py:1300} INFO - Executing <Task(PythonOperator): mirror_flights> on 2023-01-31 14:00:00+00:00
[2023-01-31T15:00:01.523+0000] {standard_task_runner.py:55} INFO - Started process 692 to run task
[2023-01-31T15:00:01.526+0000] {standard_task_runner.py:82} INFO - Running: ['***', 'tasks', 'run', 'flights_data', 'mirror_flights', 'scheduled__2023-01-31T14:00:00+00:00', '--job-id', '130', '--raw', '--subdir', 'DAGS_FOLDER/flights_dag.py', '--cfg-path', '/tmp/tmpua4okf5m']
[2023-01-31T15:00:01.527+0000] {standard_task_runner.py:83} INFO - Job 130: Subtask mirror_flights
[2023-01-31T15:00:01.578+0000] {task_command.py:388} INFO - Running <TaskInstance: flights_data.mirror_flights scheduled__2023-01-31T14:00:00+00:00 [running]> on host 91e4c7304a05
[2023-01-31T15:00:01.624+0000] {taskinstance.py:1509} INFO - Exporting the following env vars:
AIRFLOW_CTX_DAG_OWNER=***
AIRFLOW_CTX_DAG_ID=flights_data
AIRFLOW_CTX_TASK_ID=mirror_flights
AIRFLOW_CTX_EXECUTION_DATE=2023-01-31T14:00:00+00:00
AIRFLOW_CTX_TRY_NUMBER=1
AIRFLOW_CTX_DAG_RUN_ID=scheduled__2023-01-31T14:00:00+00:00
[2023-01-31T15:00:02.219+0000] {python.py:177} INFO - Done. Returned value was: None
[2023-01-31T15:00:02.236+0000] {taskinstance.py:1323} INFO - Marking task as SUCCESS. dag_id=flights_data, task_id=mirror_flights, execution_date=20230131T140000, start_date=20230131T150001, end_date=20230131T150002
[2023-01-31T15:00:02.266+0000] {local_task_job.py:208} INFO - Task exited with return code 0
[2023-01-31T15:00:02.285+0000] {taskinstance.py:2578} INFO - 1 downstream tasks scheduled from follow-on schedule check
