[2023-01-30T12:38:37.948+0000] {taskinstance.py:1083} INFO - Dependencies all met for <TaskInstance: flights_data.mirror_flights manual__2023-01-30T12:38:37.370823+00:00 [queued]>
[2023-01-30T12:38:37.954+0000] {taskinstance.py:1083} INFO - Dependencies all met for <TaskInstance: flights_data.mirror_flights manual__2023-01-30T12:38:37.370823+00:00 [queued]>
[2023-01-30T12:38:37.955+0000] {taskinstance.py:1279} INFO - 
--------------------------------------------------------------------------------
[2023-01-30T12:38:37.955+0000] {taskinstance.py:1280} INFO - Starting attempt 1 of 1
[2023-01-30T12:38:37.956+0000] {taskinstance.py:1281} INFO - 
--------------------------------------------------------------------------------
[2023-01-30T12:38:37.964+0000] {taskinstance.py:1300} INFO - Executing <Task(PythonOperator): mirror_flights> on 2023-01-30 12:38:37.370823+00:00
[2023-01-30T12:38:37.969+0000] {standard_task_runner.py:55} INFO - Started process 17022 to run task
[2023-01-30T12:38:37.973+0000] {standard_task_runner.py:82} INFO - Running: ['***', 'tasks', 'run', 'flights_data', 'mirror_flights', 'manual__2023-01-30T12:38:37.370823+00:00', '--job-id', '53', '--raw', '--subdir', 'DAGS_FOLDER/simple_dag.py', '--cfg-path', '/tmp/tmpis8966hm']
[2023-01-30T12:38:37.974+0000] {standard_task_runner.py:83} INFO - Job 53: Subtask mirror_flights
[2023-01-30T12:38:38.031+0000] {task_command.py:388} INFO - Running <TaskInstance: flights_data.mirror_flights manual__2023-01-30T12:38:37.370823+00:00 [running]> on host f9ad67e64070
[2023-01-30T12:38:38.088+0000] {taskinstance.py:1509} INFO - Exporting the following env vars:
AIRFLOW_CTX_DAG_OWNER=***
AIRFLOW_CTX_DAG_ID=flights_data
AIRFLOW_CTX_TASK_ID=mirror_flights
AIRFLOW_CTX_EXECUTION_DATE=2023-01-30T12:38:37.370823+00:00
AIRFLOW_CTX_TRY_NUMBER=1
AIRFLOW_CTX_DAG_RUN_ID=manual__2023-01-30T12:38:37.370823+00:00
[2023-01-30T12:38:38.351+0000] {python.py:177} INFO - Done. Returned value was: None
[2023-01-30T12:38:38.370+0000] {taskinstance.py:1323} INFO - Marking task as SUCCESS. dag_id=flights_data, task_id=mirror_flights, execution_date=20230130T123837, start_date=20230130T123837, end_date=20230130T123838
[2023-01-30T12:38:38.430+0000] {local_task_job.py:208} INFO - Task exited with return code 0
[2023-01-30T12:38:38.447+0000] {taskinstance.py:2578} INFO - 0 downstream tasks scheduled from follow-on schedule check
