[2023-01-30T12:43:13.985+0000] {taskinstance.py:1083} INFO - Dependencies all met for <TaskInstance: flights_data.dbt_step manual__2023-01-30T12:43:11.073402+00:00 [queued]>
[2023-01-30T12:43:13.991+0000] {taskinstance.py:1083} INFO - Dependencies all met for <TaskInstance: flights_data.dbt_step manual__2023-01-30T12:43:11.073402+00:00 [queued]>
[2023-01-30T12:43:13.992+0000] {taskinstance.py:1279} INFO - 
--------------------------------------------------------------------------------
[2023-01-30T12:43:13.992+0000] {taskinstance.py:1280} INFO - Starting attempt 1 of 1
[2023-01-30T12:43:13.992+0000] {taskinstance.py:1281} INFO - 
--------------------------------------------------------------------------------
[2023-01-30T12:43:14.001+0000] {taskinstance.py:1300} INFO - Executing <Task(BashOperator): dbt_step> on 2023-01-30 12:43:11.073402+00:00
[2023-01-30T12:43:14.007+0000] {standard_task_runner.py:55} INFO - Started process 17360 to run task
[2023-01-30T12:43:14.011+0000] {standard_task_runner.py:82} INFO - Running: ['***', 'tasks', 'run', 'flights_data', 'dbt_step', 'manual__2023-01-30T12:43:11.073402+00:00', '--job-id', '67', '--raw', '--subdir', 'DAGS_FOLDER/simple_dag.py', '--cfg-path', '/tmp/tmpa27aqoc4']
[2023-01-30T12:43:14.012+0000] {standard_task_runner.py:83} INFO - Job 67: Subtask dbt_step
[2023-01-30T12:43:14.073+0000] {task_command.py:388} INFO - Running <TaskInstance: flights_data.dbt_step manual__2023-01-30T12:43:11.073402+00:00 [running]> on host f9ad67e64070
[2023-01-30T12:43:14.126+0000] {taskinstance.py:1509} INFO - Exporting the following env vars:
AIRFLOW_CTX_DAG_OWNER=***
AIRFLOW_CTX_DAG_ID=flights_data
AIRFLOW_CTX_TASK_ID=dbt_step
AIRFLOW_CTX_EXECUTION_DATE=2023-01-30T12:43:11.073402+00:00
AIRFLOW_CTX_TRY_NUMBER=1
AIRFLOW_CTX_DAG_RUN_ID=manual__2023-01-30T12:43:11.073402+00:00
[2023-01-30T12:43:14.129+0000] {subprocess.py:63} INFO - Tmp dir root location: 
 /tmp
[2023-01-30T12:43:14.130+0000] {subprocess.py:75} INFO - Running command: ['/bin/bash', '-c', 'cd /run && ls']
[2023-01-30T12:43:14.148+0000] {subprocess.py:86} INFO - Output:
[2023-01-30T12:43:14.151+0000] {subprocess.py:93} INFO - lock
[2023-01-30T12:43:14.152+0000] {subprocess.py:93} INFO - saslauthd
[2023-01-30T12:43:14.153+0000] {subprocess.py:93} INFO - utmp
[2023-01-30T12:43:14.153+0000] {subprocess.py:97} INFO - Command exited with return code 0
[2023-01-30T12:43:14.179+0000] {taskinstance.py:1323} INFO - Marking task as SUCCESS. dag_id=flights_data, task_id=dbt_step, execution_date=20230130T124311, start_date=20230130T124313, end_date=20230130T124314
[2023-01-30T12:43:14.223+0000] {local_task_job.py:208} INFO - Task exited with return code 0
[2023-01-30T12:43:14.239+0000] {taskinstance.py:2578} INFO - 0 downstream tasks scheduled from follow-on schedule check
