[2023-01-30T12:40:51.372+0000] {taskinstance.py:1083} INFO - Dependencies all met for <TaskInstance: flights_data.mirror_countries manual__2023-01-30T12:40:50.684200+00:00 [queued]>
[2023-01-30T12:40:51.378+0000] {taskinstance.py:1083} INFO - Dependencies all met for <TaskInstance: flights_data.mirror_countries manual__2023-01-30T12:40:50.684200+00:00 [queued]>
[2023-01-30T12:40:51.378+0000] {taskinstance.py:1279} INFO - 
--------------------------------------------------------------------------------
[2023-01-30T12:40:51.379+0000] {taskinstance.py:1280} INFO - Starting attempt 1 of 1
[2023-01-30T12:40:51.379+0000] {taskinstance.py:1281} INFO - 
--------------------------------------------------------------------------------
[2023-01-30T12:40:51.387+0000] {taskinstance.py:1300} INFO - Executing <Task(PythonOperator): mirror_countries> on 2023-01-30 12:40:50.684200+00:00
[2023-01-30T12:40:51.392+0000] {standard_task_runner.py:55} INFO - Started process 17181 to run task
[2023-01-30T12:40:51.396+0000] {standard_task_runner.py:82} INFO - Running: ['***', 'tasks', 'run', 'flights_data', 'mirror_countries', 'manual__2023-01-30T12:40:50.684200+00:00', '--job-id', '59', '--raw', '--subdir', 'DAGS_FOLDER/simple_dag.py', '--cfg-path', '/tmp/tmpui_l9h_l']
[2023-01-30T12:40:51.397+0000] {standard_task_runner.py:83} INFO - Job 59: Subtask mirror_countries
[2023-01-30T12:40:51.454+0000] {task_command.py:388} INFO - Running <TaskInstance: flights_data.mirror_countries manual__2023-01-30T12:40:50.684200+00:00 [running]> on host f9ad67e64070
[2023-01-30T12:40:51.514+0000] {taskinstance.py:1509} INFO - Exporting the following env vars:
AIRFLOW_CTX_DAG_OWNER=***
AIRFLOW_CTX_DAG_ID=flights_data
AIRFLOW_CTX_TASK_ID=mirror_countries
AIRFLOW_CTX_EXECUTION_DATE=2023-01-30T12:40:50.684200+00:00
AIRFLOW_CTX_TRY_NUMBER=1
AIRFLOW_CTX_DAG_RUN_ID=manual__2023-01-30T12:40:50.684200+00:00
[2023-01-30T12:40:52.123+0000] {python.py:177} INFO - Done. Returned value was: None
[2023-01-30T12:40:52.133+0000] {taskinstance.py:1323} INFO - Marking task as SUCCESS. dag_id=flights_data, task_id=mirror_countries, execution_date=20230130T124050, start_date=20230130T124051, end_date=20230130T124052
[2023-01-30T12:40:52.171+0000] {local_task_job.py:208} INFO - Task exited with return code 0
[2023-01-30T12:40:52.189+0000] {taskinstance.py:2578} INFO - 1 downstream tasks scheduled from follow-on schedule check
