[2023-01-31T14:56:24.795+0000] {taskinstance.py:1083} INFO - Dependencies all met for <TaskInstance: flights_data.mirror_flights scheduled__2023-01-31T13:00:00+00:00 [queued]>
[2023-01-31T14:56:24.801+0000] {taskinstance.py:1083} INFO - Dependencies all met for <TaskInstance: flights_data.mirror_flights scheduled__2023-01-31T13:00:00+00:00 [queued]>
[2023-01-31T14:56:24.802+0000] {taskinstance.py:1279} INFO - 
--------------------------------------------------------------------------------
[2023-01-31T14:56:24.802+0000] {taskinstance.py:1280} INFO - Starting attempt 1 of 1
[2023-01-31T14:56:24.803+0000] {taskinstance.py:1281} INFO - 
--------------------------------------------------------------------------------
[2023-01-31T14:56:24.810+0000] {taskinstance.py:1300} INFO - Executing <Task(PythonOperator): mirror_flights> on 2023-01-31 13:00:00+00:00
[2023-01-31T14:56:24.816+0000] {standard_task_runner.py:55} INFO - Started process 440 to run task
[2023-01-31T14:56:24.819+0000] {standard_task_runner.py:82} INFO - Running: ['***', 'tasks', 'run', 'flights_data', 'mirror_flights', 'scheduled__2023-01-31T13:00:00+00:00', '--job-id', '126', '--raw', '--subdir', 'DAGS_FOLDER/flights_dag.py', '--cfg-path', '/tmp/tmp4vbsunpx']
[2023-01-31T14:56:24.820+0000] {standard_task_runner.py:83} INFO - Job 126: Subtask mirror_flights
[2023-01-31T14:56:24.880+0000] {task_command.py:388} INFO - Running <TaskInstance: flights_data.mirror_flights scheduled__2023-01-31T13:00:00+00:00 [running]> on host 91e4c7304a05
[2023-01-31T14:56:24.933+0000] {taskinstance.py:1509} INFO - Exporting the following env vars:
AIRFLOW_CTX_DAG_OWNER=***
AIRFLOW_CTX_DAG_ID=flights_data
AIRFLOW_CTX_TASK_ID=mirror_flights
AIRFLOW_CTX_EXECUTION_DATE=2023-01-31T13:00:00+00:00
AIRFLOW_CTX_TRY_NUMBER=1
AIRFLOW_CTX_DAG_RUN_ID=scheduled__2023-01-31T13:00:00+00:00
[2023-01-31T14:56:25.518+0000] {python.py:177} INFO - Done. Returned value was: None
[2023-01-31T14:56:25.527+0000] {taskinstance.py:1323} INFO - Marking task as SUCCESS. dag_id=flights_data, task_id=mirror_flights, execution_date=20230131T130000, start_date=20230131T145624, end_date=20230131T145625
[2023-01-31T14:56:25.562+0000] {local_task_job.py:208} INFO - Task exited with return code 0
[2023-01-31T14:56:25.580+0000] {taskinstance.py:2578} INFO - 0 downstream tasks scheduled from follow-on schedule check
