[2023-01-30T13:12:10.486+0000] {taskinstance.py:1083} INFO - Dependencies all met for <TaskInstance: flights_data.show_location manual__2023-01-30T13:12:09.262059+00:00 [queued]>
[2023-01-30T13:12:10.492+0000] {taskinstance.py:1083} INFO - Dependencies all met for <TaskInstance: flights_data.show_location manual__2023-01-30T13:12:09.262059+00:00 [queued]>
[2023-01-30T13:12:10.492+0000] {taskinstance.py:1279} INFO - 
--------------------------------------------------------------------------------
[2023-01-30T13:12:10.493+0000] {taskinstance.py:1280} INFO - Starting attempt 1 of 1
[2023-01-30T13:12:10.493+0000] {taskinstance.py:1281} INFO - 
--------------------------------------------------------------------------------
[2023-01-30T13:12:10.500+0000] {taskinstance.py:1300} INFO - Executing <Task(PythonOperator): show_location> on 2023-01-30 13:12:09.262059+00:00
[2023-01-30T13:12:10.505+0000] {standard_task_runner.py:55} INFO - Started process 19284 to run task
[2023-01-30T13:12:10.509+0000] {standard_task_runner.py:82} INFO - Running: ['***', 'tasks', 'run', 'flights_data', 'show_location', 'manual__2023-01-30T13:12:09.262059+00:00', '--job-id', '81', '--raw', '--subdir', 'DAGS_FOLDER/simple_dag.py', '--cfg-path', '/tmp/tmpp3gt9lj1']
[2023-01-30T13:12:10.510+0000] {standard_task_runner.py:83} INFO - Job 81: Subtask show_location
[2023-01-30T13:12:10.564+0000] {task_command.py:388} INFO - Running <TaskInstance: flights_data.show_location manual__2023-01-30T13:12:09.262059+00:00 [running]> on host f9ad67e64070
[2023-01-30T13:12:10.611+0000] {taskinstance.py:1509} INFO - Exporting the following env vars:
AIRFLOW_CTX_DAG_OWNER=***
AIRFLOW_CTX_DAG_ID=flights_data
AIRFLOW_CTX_TASK_ID=show_location
AIRFLOW_CTX_EXECUTION_DATE=2023-01-30T13:12:09.262059+00:00
AIRFLOW_CTX_TRY_NUMBER=1
AIRFLOW_CTX_DAG_RUN_ID=manual__2023-01-30T13:12:09.262059+00:00
[2023-01-30T13:12:10.613+0000] {logging_mixin.py:137} INFO - /opt/***
[2023-01-30T13:12:10.614+0000] {python.py:177} INFO - Done. Returned value was: None
[2023-01-30T13:12:10.622+0000] {taskinstance.py:1323} INFO - Marking task as SUCCESS. dag_id=flights_data, task_id=show_location, execution_date=20230130T131209, start_date=20230130T131210, end_date=20230130T131210
[2023-01-30T13:12:10.640+0000] {local_task_job.py:208} INFO - Task exited with return code 0
[2023-01-30T13:12:10.655+0000] {taskinstance.py:2578} INFO - 0 downstream tasks scheduled from follow-on schedule check
