[2023-01-31T14:13:47.040+0000] {taskinstance.py:1083} INFO - Dependencies all met for <TaskInstance: flights_data.dbt_step manual__2023-01-31T14:13:44.079914+00:00 [queued]>
[2023-01-31T14:13:47.045+0000] {taskinstance.py:1083} INFO - Dependencies all met for <TaskInstance: flights_data.dbt_step manual__2023-01-31T14:13:44.079914+00:00 [queued]>
[2023-01-31T14:13:47.046+0000] {taskinstance.py:1279} INFO - 
--------------------------------------------------------------------------------
[2023-01-31T14:13:47.046+0000] {taskinstance.py:1280} INFO - Starting attempt 1 of 1
[2023-01-31T14:13:47.047+0000] {taskinstance.py:1281} INFO - 
--------------------------------------------------------------------------------
[2023-01-31T14:13:47.054+0000] {taskinstance.py:1300} INFO - Executing <Task(BashOperator): dbt_step> on 2023-01-31 14:13:44.079914+00:00
[2023-01-31T14:13:47.060+0000] {standard_task_runner.py:55} INFO - Started process 23931 to run task
[2023-01-31T14:13:47.063+0000] {standard_task_runner.py:82} INFO - Running: ['***', 'tasks', 'run', 'flights_data', 'dbt_step', 'manual__2023-01-31T14:13:44.079914+00:00', '--job-id', '105', '--raw', '--subdir', 'DAGS_FOLDER/flights_dag.py', '--cfg-path', '/tmp/tmppztn_7n3']
[2023-01-31T14:13:47.064+0000] {standard_task_runner.py:83} INFO - Job 105: Subtask dbt_step
[2023-01-31T14:13:47.114+0000] {task_command.py:388} INFO - Running <TaskInstance: flights_data.dbt_step manual__2023-01-31T14:13:44.079914+00:00 [running]> on host 4d49ce0454d7
[2023-01-31T14:13:47.159+0000] {taskinstance.py:1509} INFO - Exporting the following env vars:
AIRFLOW_CTX_DAG_OWNER=***
AIRFLOW_CTX_DAG_ID=flights_data
AIRFLOW_CTX_TASK_ID=dbt_step
AIRFLOW_CTX_EXECUTION_DATE=2023-01-31T14:13:44.079914+00:00
AIRFLOW_CTX_TRY_NUMBER=1
AIRFLOW_CTX_DAG_RUN_ID=manual__2023-01-31T14:13:44.079914+00:00
[2023-01-31T14:13:47.162+0000] {subprocess.py:63} INFO - Tmp dir root location: 
 /tmp
[2023-01-31T14:13:47.163+0000] {subprocess.py:75} INFO - Running command: ['/bin/bash', '-c', 'cd /opt/***/dbt && dbt run']
[2023-01-31T14:13:47.175+0000] {subprocess.py:86} INFO - Output:
[2023-01-31T14:13:49.995+0000] {subprocess.py:93} INFO - [0m14:13:48  Running with dbt=1.4.1
[2023-01-31T14:13:49.998+0000] {subprocess.py:93} INFO - [0m14:13:48  Unable to do partial parsing because a project config has changed
[2023-01-31T14:13:50.000+0000] {subprocess.py:93} INFO - [0m14:13:48  [[33mWARNING[0m]: Configuration paths exist in your dbt_project.yml file which do not apply to any resources.
[2023-01-31T14:13:50.001+0000] {subprocess.py:93} INFO - There are 2 unused configuration paths:
[2023-01-31T14:13:50.002+0000] {subprocess.py:93} INFO - - models.dbt.1_mirror
[2023-01-31T14:13:50.003+0000] {subprocess.py:93} INFO - - models.dbt.2_staging
[2023-01-31T14:13:50.004+0000] {subprocess.py:93} INFO - [0m14:13:48  Found 5 models, 2 tests, 0 snapshots, 0 analyses, 289 macros, 0 operations, 0 seed files, 2 sources, 0 exposures, 0 metrics
[2023-01-31T14:13:50.005+0000] {subprocess.py:93} INFO - [0m14:13:48
[2023-01-31T14:13:50.007+0000] {subprocess.py:93} INFO - [0m14:13:48  Concurrency: 4 threads (target='dev')
[2023-01-31T14:13:50.009+0000] {subprocess.py:93} INFO - [0m14:13:48
[2023-01-31T14:13:50.011+0000] {subprocess.py:93} INFO - [0m14:13:48  1 of 5 START sql view model analysis.mrr_countries ............................. [RUN]
[2023-01-31T14:13:50.012+0000] {subprocess.py:93} INFO - [0m14:13:48  2 of 5 START sql view model analysis.mrr_flights ............................... [RUN]
[2023-01-31T14:13:50.013+0000] {subprocess.py:93} INFO - [0m14:13:48  1 of 5 OK created sql view model analysis.mrr_countries ........................ [[32mCREATE VIEW[0m in 0.13s]
[2023-01-31T14:13:50.014+0000] {subprocess.py:93} INFO - [0m14:13:48  2 of 5 OK created sql view model analysis.mrr_flights .......................... [[32mCREATE VIEW[0m in 0.14s]
[2023-01-31T14:13:50.016+0000] {subprocess.py:93} INFO - [0m14:13:48  3 of 5 START sql table model analysis.agg_countries ............................ [RUN]
[2023-01-31T14:13:50.017+0000] {subprocess.py:93} INFO - [0m14:13:48  4 of 5 START sql incremental model analysis.log_flights ........................ [RUN]
[2023-01-31T14:13:50.019+0000] {subprocess.py:93} INFO - [0m14:13:49  3 of 5 OK created sql table model analysis.agg_countries ....................... [[32mSELECT 250[0m in 0.13s]
[2023-01-31T14:13:50.020+0000] {subprocess.py:93} INFO - [0m14:13:49  4 of 5 OK created sql incremental model analysis.log_flights ................... [[32mINSERT 0 2347[0m in 0.14s]
[2023-01-31T14:13:50.021+0000] {subprocess.py:93} INFO - [0m14:13:49  5 of 5 START sql table model analysis.agg_flights .............................. [RUN]
[2023-01-31T14:13:50.022+0000] {subprocess.py:93} INFO - [0m14:13:49  5 of 5 OK created sql table model analysis.agg_flights ......................... [[32mSELECT 514[0m in 0.08s]
[2023-01-31T14:13:50.023+0000] {subprocess.py:93} INFO - [0m14:13:49
[2023-01-31T14:13:50.024+0000] {subprocess.py:93} INFO - [0m14:13:49  Finished running 2 view models, 2 table models, 1 incremental model in 0 hours 0 minutes and 0.53 seconds (0.53s).
[2023-01-31T14:13:50.026+0000] {subprocess.py:93} INFO - [0m14:13:49
[2023-01-31T14:13:50.027+0000] {subprocess.py:93} INFO - [0m14:13:49  [32mCompleted successfully[0m
[2023-01-31T14:13:50.028+0000] {subprocess.py:93} INFO - [0m14:13:49
[2023-01-31T14:13:50.029+0000] {subprocess.py:93} INFO - [0m14:13:49  Done. PASS=5 WARN=0 ERROR=0 SKIP=0 TOTAL=5
[2023-01-31T14:13:50.128+0000] {subprocess.py:97} INFO - Command exited with return code 0
[2023-01-31T14:13:50.150+0000] {taskinstance.py:1323} INFO - Marking task as SUCCESS. dag_id=flights_data, task_id=dbt_step, execution_date=20230131T141344, start_date=20230131T141347, end_date=20230131T141350
[2023-01-31T14:13:50.191+0000] {local_task_job.py:208} INFO - Task exited with return code 0
[2023-01-31T14:13:50.205+0000] {taskinstance.py:2578} INFO - 0 downstream tasks scheduled from follow-on schedule check
