[2023-01-29T12:00:48.505+0000] {taskinstance.py:1083} INFO - Dependencies all met for <TaskInstance: simple_dag.download_data scheduled__2023-01-28T00:00:00+00:00 [queued]>
[2023-01-29T12:00:48.511+0000] {taskinstance.py:1083} INFO - Dependencies all met for <TaskInstance: simple_dag.download_data scheduled__2023-01-28T00:00:00+00:00 [queued]>
[2023-01-29T12:00:48.512+0000] {taskinstance.py:1279} INFO - 
--------------------------------------------------------------------------------
[2023-01-29T12:00:48.512+0000] {taskinstance.py:1280} INFO - Starting attempt 1 of 6
[2023-01-29T12:00:48.513+0000] {taskinstance.py:1281} INFO - 
--------------------------------------------------------------------------------
[2023-01-29T12:00:48.521+0000] {taskinstance.py:1300} INFO - Executing <Task(PythonOperator): download_data> on 2023-01-28 00:00:00+00:00
[2023-01-29T12:00:48.526+0000] {standard_task_runner.py:55} INFO - Started process 845 to run task
[2023-01-29T12:00:48.529+0000] {standard_task_runner.py:82} INFO - Running: ['***', 'tasks', 'run', 'simple_dag', 'download_data', 'scheduled__2023-01-28T00:00:00+00:00', '--job-id', '3', '--raw', '--subdir', 'DAGS_FOLDER/simple_dag.py', '--cfg-path', '/tmp/tmpyjcwzx1u']
[2023-01-29T12:00:48.530+0000] {standard_task_runner.py:83} INFO - Job 3: Subtask download_data
[2023-01-29T12:00:48.583+0000] {task_command.py:388} INFO - Running <TaskInstance: simple_dag.download_data scheduled__2023-01-28T00:00:00+00:00 [running]> on host 5df8d992093e
[2023-01-29T12:00:48.632+0000] {taskinstance.py:1509} INFO - Exporting the following env vars:
AIRFLOW_CTX_DAG_OWNER=***
AIRFLOW_CTX_DAG_ID=simple_dag
AIRFLOW_CTX_TASK_ID=download_data
AIRFLOW_CTX_EXECUTION_DATE=2023-01-28T00:00:00+00:00
AIRFLOW_CTX_TRY_NUMBER=1
AIRFLOW_CTX_DAG_RUN_ID=scheduled__2023-01-28T00:00:00+00:00
[2023-01-29T12:00:48.634+0000] {python.py:177} INFO - Done. Returned value was: None
[2023-01-29T12:00:48.643+0000] {taskinstance.py:1323} INFO - Marking task as SUCCESS. dag_id=simple_dag, task_id=download_data, execution_date=20230128T000000, start_date=20230129T120048, end_date=20230129T120048
[2023-01-29T12:00:48.701+0000] {local_task_job.py:208} INFO - Task exited with return code 0
[2023-01-29T12:00:48.717+0000] {taskinstance.py:2578} INFO - 0 downstream tasks scheduled from follow-on schedule check
