[2023-01-31T15:00:03.758+0000] {taskinstance.py:1083} INFO - Dependencies all met for <TaskInstance: flights_data.dbt_step scheduled__2023-01-31T14:00:00+00:00 [queued]>
[2023-01-31T15:00:03.764+0000] {taskinstance.py:1083} INFO - Dependencies all met for <TaskInstance: flights_data.dbt_step scheduled__2023-01-31T14:00:00+00:00 [queued]>
[2023-01-31T15:00:03.764+0000] {taskinstance.py:1279} INFO - 
--------------------------------------------------------------------------------
[2023-01-31T15:00:03.765+0000] {taskinstance.py:1280} INFO - Starting attempt 1 of 1
[2023-01-31T15:00:03.765+0000] {taskinstance.py:1281} INFO - 
--------------------------------------------------------------------------------
[2023-01-31T15:00:03.774+0000] {taskinstance.py:1300} INFO - Executing <Task(BashOperator): dbt_step> on 2023-01-31 14:00:00+00:00
[2023-01-31T15:00:03.781+0000] {standard_task_runner.py:55} INFO - Started process 695 to run task
[2023-01-31T15:00:03.784+0000] {standard_task_runner.py:82} INFO - Running: ['***', 'tasks', 'run', 'flights_data', 'dbt_step', 'scheduled__2023-01-31T14:00:00+00:00', '--job-id', '131', '--raw', '--subdir', 'DAGS_FOLDER/flights_dag.py', '--cfg-path', '/tmp/tmpfwpvnq9f']
[2023-01-31T15:00:03.786+0000] {standard_task_runner.py:83} INFO - Job 131: Subtask dbt_step
[2023-01-31T15:00:03.868+0000] {task_command.py:388} INFO - Running <TaskInstance: flights_data.dbt_step scheduled__2023-01-31T14:00:00+00:00 [running]> on host 91e4c7304a05
[2023-01-31T15:00:03.936+0000] {taskinstance.py:1509} INFO - Exporting the following env vars:
AIRFLOW_CTX_DAG_OWNER=***
AIRFLOW_CTX_DAG_ID=flights_data
AIRFLOW_CTX_TASK_ID=dbt_step
AIRFLOW_CTX_EXECUTION_DATE=2023-01-31T14:00:00+00:00
AIRFLOW_CTX_TRY_NUMBER=1
AIRFLOW_CTX_DAG_RUN_ID=scheduled__2023-01-31T14:00:00+00:00
[2023-01-31T15:00:03.938+0000] {subprocess.py:63} INFO - Tmp dir root location: 
 /tmp
[2023-01-31T15:00:03.939+0000] {subprocess.py:75} INFO - Running command: ['/bin/bash', '-c', 'cd /opt/***/dbt && dbt run']
[2023-01-31T15:00:03.950+0000] {subprocess.py:86} INFO - Output:
[2023-01-31T15:00:07.106+0000] {subprocess.py:93} INFO - [0m15:00:05  Running with dbt=1.4.1
[2023-01-31T15:00:07.110+0000] {subprocess.py:93} INFO - [0m15:00:05  [[33mWARNING[0m]: Configuration paths exist in your dbt_project.yml file which do not apply to any resources.
[2023-01-31T15:00:07.112+0000] {subprocess.py:93} INFO - There are 2 unused configuration paths:
[2023-01-31T15:00:07.115+0000] {subprocess.py:93} INFO - - models.dbt.2_staging
[2023-01-31T15:00:07.117+0000] {subprocess.py:93} INFO - - models.dbt.1_mirror
[2023-01-31T15:00:07.119+0000] {subprocess.py:93} INFO - [0m15:00:05  Found 5 models, 2 tests, 0 snapshots, 0 analyses, 289 macros, 0 operations, 0 seed files, 2 sources, 0 exposures, 0 metrics
[2023-01-31T15:00:07.120+0000] {subprocess.py:93} INFO - [0m15:00:05
[2023-01-31T15:00:07.122+0000] {subprocess.py:93} INFO - [0m15:00:05  Concurrency: 4 threads (target='dev')
[2023-01-31T15:00:07.123+0000] {subprocess.py:93} INFO - [0m15:00:05
[2023-01-31T15:00:07.124+0000] {subprocess.py:93} INFO - [0m15:00:05  1 of 5 START sql table model analysis.mrr_countries ............................ [RUN]
[2023-01-31T15:00:07.125+0000] {subprocess.py:93} INFO - [0m15:00:05  2 of 5 START sql table model analysis.mrr_flights .............................. [RUN]
[2023-01-31T15:00:07.126+0000] {subprocess.py:93} INFO - [0m15:00:05  1 of 5 OK created sql table model analysis.mrr_countries ....................... [[32mSELECT 250[0m in 0.14s]
[2023-01-31T15:00:07.127+0000] {subprocess.py:93} INFO - [0m15:00:05  3 of 5 START sql table model analysis.agg_countries ............................ [RUN]
[2023-01-31T15:00:07.128+0000] {subprocess.py:93} INFO - [0m15:00:06  2 of 5 OK created sql table model analysis.mrr_flights ......................... [[32mSELECT 2341[0m in 0.16s]
[2023-01-31T15:00:07.130+0000] {subprocess.py:93} INFO - [0m15:00:06  4 of 5 START sql incremental model analysis.log_flights ........................ [RUN]
[2023-01-31T15:00:07.131+0000] {subprocess.py:93} INFO - [0m15:00:06  3 of 5 OK created sql table model analysis.agg_countries ....................... [[32mSELECT 250[0m in 0.10s]
[2023-01-31T15:00:07.133+0000] {subprocess.py:93} INFO - [0m15:00:06  4 of 5 OK created sql incremental model analysis.log_flights ................... [[32mINSERT 0 2341[0m in 0.12s]
[2023-01-31T15:00:07.134+0000] {subprocess.py:93} INFO - [0m15:00:06  5 of 5 START sql table model analysis.agg_flights .............................. [RUN]
[2023-01-31T15:00:07.135+0000] {subprocess.py:93} INFO - [0m15:00:06  5 of 5 OK created sql table model analysis.agg_flights ......................... [[32mSELECT 60[0m in 0.13s]
[2023-01-31T15:00:07.136+0000] {subprocess.py:93} INFO - [0m15:00:06
[2023-01-31T15:00:07.137+0000] {subprocess.py:93} INFO - [0m15:00:06  Finished running 4 table models, 1 incremental model in 0 hours 0 minutes and 0.64 seconds (0.64s).
[2023-01-31T15:00:07.138+0000] {subprocess.py:93} INFO - [0m15:00:06
[2023-01-31T15:00:07.139+0000] {subprocess.py:93} INFO - [0m15:00:06  [32mCompleted successfully[0m
[2023-01-31T15:00:07.140+0000] {subprocess.py:93} INFO - [0m15:00:06
[2023-01-31T15:00:07.140+0000] {subprocess.py:93} INFO - [0m15:00:06  Done. PASS=5 WARN=0 ERROR=0 SKIP=0 TOTAL=5
[2023-01-31T15:00:07.253+0000] {subprocess.py:97} INFO - Command exited with return code 0
[2023-01-31T15:00:07.276+0000] {taskinstance.py:1323} INFO - Marking task as SUCCESS. dag_id=flights_data, task_id=dbt_step, execution_date=20230131T140000, start_date=20230131T150003, end_date=20230131T150007
[2023-01-31T15:00:07.301+0000] {local_task_job.py:208} INFO - Task exited with return code 0
[2023-01-31T15:00:07.315+0000] {taskinstance.py:2578} INFO - 0 downstream tasks scheduled from follow-on schedule check
