[2023-01-30T12:43:11.758+0000] {taskinstance.py:1083} INFO - Dependencies all met for <TaskInstance: flights_data.mirror_flights manual__2023-01-30T12:43:11.073402+00:00 [queued]>
[2023-01-30T12:43:11.771+0000] {taskinstance.py:1083} INFO - Dependencies all met for <TaskInstance: flights_data.mirror_flights manual__2023-01-30T12:43:11.073402+00:00 [queued]>
[2023-01-30T12:43:11.772+0000] {taskinstance.py:1279} INFO - 
--------------------------------------------------------------------------------
[2023-01-30T12:43:11.773+0000] {taskinstance.py:1280} INFO - Starting attempt 1 of 1
[2023-01-30T12:43:11.773+0000] {taskinstance.py:1281} INFO - 
--------------------------------------------------------------------------------
[2023-01-30T12:43:11.784+0000] {taskinstance.py:1300} INFO - Executing <Task(PythonOperator): mirror_flights> on 2023-01-30 12:43:11.073402+00:00
[2023-01-30T12:43:11.790+0000] {standard_task_runner.py:55} INFO - Started process 17356 to run task
[2023-01-30T12:43:11.796+0000] {standard_task_runner.py:82} INFO - Running: ['***', 'tasks', 'run', 'flights_data', 'mirror_flights', 'manual__2023-01-30T12:43:11.073402+00:00', '--job-id', '65', '--raw', '--subdir', 'DAGS_FOLDER/simple_dag.py', '--cfg-path', '/tmp/tmpxcvr1y06']
[2023-01-30T12:43:11.797+0000] {standard_task_runner.py:83} INFO - Job 65: Subtask mirror_flights
[2023-01-30T12:43:11.865+0000] {task_command.py:388} INFO - Running <TaskInstance: flights_data.mirror_flights manual__2023-01-30T12:43:11.073402+00:00 [running]> on host f9ad67e64070
[2023-01-30T12:43:11.955+0000] {taskinstance.py:1509} INFO - Exporting the following env vars:
AIRFLOW_CTX_DAG_OWNER=***
AIRFLOW_CTX_DAG_ID=flights_data
AIRFLOW_CTX_TASK_ID=mirror_flights
AIRFLOW_CTX_EXECUTION_DATE=2023-01-30T12:43:11.073402+00:00
AIRFLOW_CTX_TRY_NUMBER=1
AIRFLOW_CTX_DAG_RUN_ID=manual__2023-01-30T12:43:11.073402+00:00
[2023-01-30T12:43:12.312+0000] {python.py:177} INFO - Done. Returned value was: None
[2023-01-30T12:43:12.326+0000] {taskinstance.py:1323} INFO - Marking task as SUCCESS. dag_id=flights_data, task_id=mirror_flights, execution_date=20230130T124311, start_date=20230130T124311, end_date=20230130T124312
[2023-01-30T12:43:12.374+0000] {local_task_job.py:208} INFO - Task exited with return code 0
[2023-01-30T12:43:12.398+0000] {taskinstance.py:2578} INFO - 0 downstream tasks scheduled from follow-on schedule check
