[2023-01-30T13:22:12.929+0000] {taskinstance.py:1083} INFO - Dependencies all met for <TaskInstance: flights_data.show_location manual__2023-01-30T13:22:12.170814+00:00 [queued]>
[2023-01-30T13:22:12.936+0000] {taskinstance.py:1083} INFO - Dependencies all met for <TaskInstance: flights_data.show_location manual__2023-01-30T13:22:12.170814+00:00 [queued]>
[2023-01-30T13:22:12.937+0000] {taskinstance.py:1279} INFO - 
--------------------------------------------------------------------------------
[2023-01-30T13:22:12.937+0000] {taskinstance.py:1280} INFO - Starting attempt 1 of 1
[2023-01-30T13:22:12.938+0000] {taskinstance.py:1281} INFO - 
--------------------------------------------------------------------------------
[2023-01-30T13:22:12.946+0000] {taskinstance.py:1300} INFO - Executing <Task(PythonOperator): show_location> on 2023-01-30 13:22:12.170814+00:00
[2023-01-30T13:22:12.951+0000] {standard_task_runner.py:55} INFO - Started process 19934 to run task
[2023-01-30T13:22:12.956+0000] {standard_task_runner.py:82} INFO - Running: ['***', 'tasks', 'run', 'flights_data', 'show_location', 'manual__2023-01-30T13:22:12.170814+00:00', '--job-id', '82', '--raw', '--subdir', 'DAGS_FOLDER/simple_dag.py', '--cfg-path', '/tmp/tmpbux6hnt_']
[2023-01-30T13:22:12.957+0000] {standard_task_runner.py:83} INFO - Job 82: Subtask show_location
[2023-01-30T13:22:13.014+0000] {task_command.py:388} INFO - Running <TaskInstance: flights_data.show_location manual__2023-01-30T13:22:12.170814+00:00 [running]> on host f9ad67e64070
[2023-01-30T13:22:13.062+0000] {taskinstance.py:1509} INFO - Exporting the following env vars:
AIRFLOW_CTX_DAG_OWNER=***
AIRFLOW_CTX_DAG_ID=flights_data
AIRFLOW_CTX_TASK_ID=show_location
AIRFLOW_CTX_EXECUTION_DATE=2023-01-30T13:22:12.170814+00:00
AIRFLOW_CTX_TRY_NUMBER=1
AIRFLOW_CTX_DAG_RUN_ID=manual__2023-01-30T13:22:12.170814+00:00
[2023-01-30T13:22:13.065+0000] {logging_mixin.py:137} INFO - /home/***
[2023-01-30T13:22:13.066+0000] {python.py:177} INFO - Done. Returned value was: None
[2023-01-30T13:22:13.075+0000] {taskinstance.py:1323} INFO - Marking task as SUCCESS. dag_id=flights_data, task_id=show_location, execution_date=20230130T132212, start_date=20230130T132212, end_date=20230130T132213
[2023-01-30T13:22:13.130+0000] {local_task_job.py:208} INFO - Task exited with return code 0
[2023-01-30T13:22:13.146+0000] {taskinstance.py:2578} INFO - 0 downstream tasks scheduled from follow-on schedule check
