[2023-01-29T12:00:49.586+0000] {taskinstance.py:1083} INFO - Dependencies all met for <TaskInstance: simple_dag.processing_data scheduled__2023-01-28T00:00:00+00:00 [queued]>
[2023-01-29T12:00:49.592+0000] {taskinstance.py:1083} INFO - Dependencies all met for <TaskInstance: simple_dag.processing_data scheduled__2023-01-28T00:00:00+00:00 [queued]>
[2023-01-29T12:00:49.592+0000] {taskinstance.py:1279} INFO - 
--------------------------------------------------------------------------------
[2023-01-29T12:00:49.593+0000] {taskinstance.py:1280} INFO - Starting attempt 1 of 6
[2023-01-29T12:00:49.594+0000] {taskinstance.py:1281} INFO - 
--------------------------------------------------------------------------------
[2023-01-29T12:00:49.602+0000] {taskinstance.py:1300} INFO - Executing <Task(BashOperator): processing_data> on 2023-01-28 00:00:00+00:00
[2023-01-29T12:00:49.608+0000] {standard_task_runner.py:55} INFO - Started process 849 to run task
[2023-01-29T12:00:49.612+0000] {standard_task_runner.py:82} INFO - Running: ['***', 'tasks', 'run', 'simple_dag', 'processing_data', 'scheduled__2023-01-28T00:00:00+00:00', '--job-id', '5', '--raw', '--subdir', 'DAGS_FOLDER/simple_dag.py', '--cfg-path', '/tmp/tmppzlhmyf_']
[2023-01-29T12:00:49.612+0000] {standard_task_runner.py:83} INFO - Job 5: Subtask processing_data
[2023-01-29T12:00:49.675+0000] {task_command.py:388} INFO - Running <TaskInstance: simple_dag.processing_data scheduled__2023-01-28T00:00:00+00:00 [running]> on host 5df8d992093e
[2023-01-29T12:00:49.723+0000] {taskinstance.py:1509} INFO - Exporting the following env vars:
AIRFLOW_CTX_DAG_OWNER=***
AIRFLOW_CTX_DAG_ID=simple_dag
AIRFLOW_CTX_TASK_ID=processing_data
AIRFLOW_CTX_EXECUTION_DATE=2023-01-28T00:00:00+00:00
AIRFLOW_CTX_TRY_NUMBER=1
AIRFLOW_CTX_DAG_RUN_ID=scheduled__2023-01-28T00:00:00+00:00
[2023-01-29T12:00:49.724+0000] {subprocess.py:63} INFO - Tmp dir root location: 
 /tmp
[2023-01-29T12:00:49.725+0000] {subprocess.py:75} INFO - Running command: ['/bin/bash', '-c', 'exit 0']
[2023-01-29T12:00:49.735+0000] {subprocess.py:86} INFO - Output:
[2023-01-29T12:00:49.738+0000] {subprocess.py:97} INFO - Command exited with return code 0
[2023-01-29T12:00:49.761+0000] {taskinstance.py:1323} INFO - Marking task as SUCCESS. dag_id=simple_dag, task_id=processing_data, execution_date=20230128T000000, start_date=20230129T120049, end_date=20230129T120049
[2023-01-29T12:00:49.783+0000] {local_task_job.py:208} INFO - Task exited with return code 0
[2023-01-29T12:00:49.804+0000] {taskinstance.py:2578} INFO - 0 downstream tasks scheduled from follow-on schedule check
