[2023-01-30T12:42:34.434+0000] {taskinstance.py:1083} INFO - Dependencies all met for <TaskInstance: flights_data.mirror_flights manual__2023-01-30T12:42:33.670185+00:00 [queued]>
[2023-01-30T12:42:34.440+0000] {taskinstance.py:1083} INFO - Dependencies all met for <TaskInstance: flights_data.mirror_flights manual__2023-01-30T12:42:33.670185+00:00 [queued]>
[2023-01-30T12:42:34.440+0000] {taskinstance.py:1279} INFO - 
--------------------------------------------------------------------------------
[2023-01-30T12:42:34.441+0000] {taskinstance.py:1280} INFO - Starting attempt 1 of 1
[2023-01-30T12:42:34.441+0000] {taskinstance.py:1281} INFO - 
--------------------------------------------------------------------------------
[2023-01-30T12:42:34.449+0000] {taskinstance.py:1300} INFO - Executing <Task(PythonOperator): mirror_flights> on 2023-01-30 12:42:33.670185+00:00
[2023-01-30T12:42:34.455+0000] {standard_task_runner.py:55} INFO - Started process 17310 to run task
[2023-01-30T12:42:34.459+0000] {standard_task_runner.py:82} INFO - Running: ['***', 'tasks', 'run', 'flights_data', 'mirror_flights', 'manual__2023-01-30T12:42:33.670185+00:00', '--job-id', '63', '--raw', '--subdir', 'DAGS_FOLDER/simple_dag.py', '--cfg-path', '/tmp/tmpz0s9919u']
[2023-01-30T12:42:34.460+0000] {standard_task_runner.py:83} INFO - Job 63: Subtask mirror_flights
[2023-01-30T12:42:34.518+0000] {task_command.py:388} INFO - Running <TaskInstance: flights_data.mirror_flights manual__2023-01-30T12:42:33.670185+00:00 [running]> on host f9ad67e64070
[2023-01-30T12:42:34.568+0000] {taskinstance.py:1509} INFO - Exporting the following env vars:
AIRFLOW_CTX_DAG_OWNER=***
AIRFLOW_CTX_DAG_ID=flights_data
AIRFLOW_CTX_TASK_ID=mirror_flights
AIRFLOW_CTX_EXECUTION_DATE=2023-01-30T12:42:33.670185+00:00
AIRFLOW_CTX_TRY_NUMBER=1
AIRFLOW_CTX_DAG_RUN_ID=manual__2023-01-30T12:42:33.670185+00:00
[2023-01-30T12:42:34.806+0000] {python.py:177} INFO - Done. Returned value was: None
[2023-01-30T12:42:34.815+0000] {taskinstance.py:1323} INFO - Marking task as SUCCESS. dag_id=flights_data, task_id=mirror_flights, execution_date=20230130T124233, start_date=20230130T124234, end_date=20230130T124234
[2023-01-30T12:42:34.871+0000] {local_task_job.py:208} INFO - Task exited with return code 0
[2023-01-30T12:42:34.890+0000] {taskinstance.py:2578} INFO - 0 downstream tasks scheduled from follow-on schedule check
