[2023-01-30T13:09:20.838+0000] {taskinstance.py:1083} INFO - Dependencies all met for <TaskInstance: flights_data.show_location manual__2023-01-30T13:09:19.628539+00:00 [queued]>
[2023-01-30T13:09:20.844+0000] {taskinstance.py:1083} INFO - Dependencies all met for <TaskInstance: flights_data.show_location manual__2023-01-30T13:09:19.628539+00:00 [queued]>
[2023-01-30T13:09:20.845+0000] {taskinstance.py:1279} INFO - 
--------------------------------------------------------------------------------
[2023-01-30T13:09:20.845+0000] {taskinstance.py:1280} INFO - Starting attempt 1 of 1
[2023-01-30T13:09:20.846+0000] {taskinstance.py:1281} INFO - 
--------------------------------------------------------------------------------
[2023-01-30T13:09:20.854+0000] {taskinstance.py:1300} INFO - Executing <Task(PythonOperator): show_location> on 2023-01-30 13:09:19.628539+00:00
[2023-01-30T13:09:20.860+0000] {standard_task_runner.py:55} INFO - Started process 19101 to run task
[2023-01-30T13:09:20.863+0000] {standard_task_runner.py:82} INFO - Running: ['***', 'tasks', 'run', 'flights_data', 'show_location', 'manual__2023-01-30T13:09:19.628539+00:00', '--job-id', '80', '--raw', '--subdir', 'DAGS_FOLDER/simple_dag.py', '--cfg-path', '/tmp/tmpsb0_f4t1']
[2023-01-30T13:09:20.864+0000] {standard_task_runner.py:83} INFO - Job 80: Subtask show_location
[2023-01-30T13:09:20.942+0000] {task_command.py:388} INFO - Running <TaskInstance: flights_data.show_location manual__2023-01-30T13:09:19.628539+00:00 [running]> on host f9ad67e64070
[2023-01-30T13:09:21.014+0000] {taskinstance.py:1509} INFO - Exporting the following env vars:
AIRFLOW_CTX_DAG_OWNER=***
AIRFLOW_CTX_DAG_ID=flights_data
AIRFLOW_CTX_TASK_ID=show_location
AIRFLOW_CTX_EXECUTION_DATE=2023-01-30T13:09:19.628539+00:00
AIRFLOW_CTX_TRY_NUMBER=1
AIRFLOW_CTX_DAG_RUN_ID=manual__2023-01-30T13:09:19.628539+00:00
[2023-01-30T13:09:21.017+0000] {logging_mixin.py:137} INFO - /opt/***
[2023-01-30T13:09:21.017+0000] {python.py:177} INFO - Done. Returned value was: None
[2023-01-30T13:09:21.026+0000] {taskinstance.py:1323} INFO - Marking task as SUCCESS. dag_id=flights_data, task_id=show_location, execution_date=20230130T130919, start_date=20230130T130920, end_date=20230130T130921
[2023-01-30T13:09:21.075+0000] {local_task_job.py:208} INFO - Task exited with return code 0
[2023-01-30T13:09:21.090+0000] {taskinstance.py:2578} INFO - 0 downstream tasks scheduled from follow-on schedule check
