[2023-01-30T16:37:27.347+0000] {taskinstance.py:1083} INFO - Dependencies all met for <TaskInstance: flights_data.mirror_countries manual__2023-01-30T16:37:26.058187+00:00 [queued]>
[2023-01-30T16:37:27.352+0000] {taskinstance.py:1083} INFO - Dependencies all met for <TaskInstance: flights_data.mirror_countries manual__2023-01-30T16:37:26.058187+00:00 [queued]>
[2023-01-30T16:37:27.353+0000] {taskinstance.py:1279} INFO - 
--------------------------------------------------------------------------------
[2023-01-30T16:37:27.354+0000] {taskinstance.py:1280} INFO - Starting attempt 1 of 1
[2023-01-30T16:37:27.354+0000] {taskinstance.py:1281} INFO - 
--------------------------------------------------------------------------------
[2023-01-30T16:37:27.362+0000] {taskinstance.py:1300} INFO - Executing <Task(PythonOperator): mirror_countries> on 2023-01-30 16:37:26.058187+00:00
[2023-01-30T16:37:27.368+0000] {standard_task_runner.py:55} INFO - Started process 245 to run task
[2023-01-30T16:37:27.372+0000] {standard_task_runner.py:82} INFO - Running: ['***', 'tasks', 'run', 'flights_data', 'mirror_countries', 'manual__2023-01-30T16:37:26.058187+00:00', '--job-id', '94', '--raw', '--subdir', 'DAGS_FOLDER/simple_dag.py', '--cfg-path', '/tmp/tmp8gq8g_c0']
[2023-01-30T16:37:27.373+0000] {standard_task_runner.py:83} INFO - Job 94: Subtask mirror_countries
[2023-01-30T16:37:27.430+0000] {task_command.py:388} INFO - Running <TaskInstance: flights_data.mirror_countries manual__2023-01-30T16:37:26.058187+00:00 [running]> on host 4d49ce0454d7
[2023-01-30T16:37:27.481+0000] {taskinstance.py:1509} INFO - Exporting the following env vars:
AIRFLOW_CTX_DAG_OWNER=***
AIRFLOW_CTX_DAG_ID=flights_data
AIRFLOW_CTX_TASK_ID=mirror_countries
AIRFLOW_CTX_EXECUTION_DATE=2023-01-30T16:37:26.058187+00:00
AIRFLOW_CTX_TRY_NUMBER=1
AIRFLOW_CTX_DAG_RUN_ID=manual__2023-01-30T16:37:26.058187+00:00
[2023-01-30T16:37:28.319+0000] {python.py:177} INFO - Done. Returned value was: None
[2023-01-30T16:37:28.328+0000] {taskinstance.py:1323} INFO - Marking task as SUCCESS. dag_id=flights_data, task_id=mirror_countries, execution_date=20230130T163726, start_date=20230130T163727, end_date=20230130T163728
[2023-01-30T16:37:28.395+0000] {local_task_job.py:208} INFO - Task exited with return code 0
[2023-01-30T16:37:28.414+0000] {taskinstance.py:2578} INFO - 1 downstream tasks scheduled from follow-on schedule check
