[2023-01-30T12:56:07.632+0000] {taskinstance.py:1083} INFO - Dependencies all met for <TaskInstance: flights_data.mirror_flights manual__2023-01-30T12:56:06.439263+00:00 [queued]>
[2023-01-30T12:56:07.639+0000] {taskinstance.py:1083} INFO - Dependencies all met for <TaskInstance: flights_data.mirror_flights manual__2023-01-30T12:56:06.439263+00:00 [queued]>
[2023-01-30T12:56:07.640+0000] {taskinstance.py:1279} INFO - 
--------------------------------------------------------------------------------
[2023-01-30T12:56:07.640+0000] {taskinstance.py:1280} INFO - Starting attempt 1 of 1
[2023-01-30T12:56:07.640+0000] {taskinstance.py:1281} INFO - 
--------------------------------------------------------------------------------
[2023-01-30T12:56:07.648+0000] {taskinstance.py:1300} INFO - Executing <Task(PythonOperator): mirror_flights> on 2023-01-30 12:56:06.439263+00:00
[2023-01-30T12:56:07.654+0000] {standard_task_runner.py:55} INFO - Started process 18231 to run task
[2023-01-30T12:56:07.658+0000] {standard_task_runner.py:82} INFO - Running: ['***', 'tasks', 'run', 'flights_data', 'mirror_flights', 'manual__2023-01-30T12:56:06.439263+00:00', '--job-id', '74', '--raw', '--subdir', 'DAGS_FOLDER/simple_dag.py', '--cfg-path', '/tmp/tmp8bia13ft']
[2023-01-30T12:56:07.659+0000] {standard_task_runner.py:83} INFO - Job 74: Subtask mirror_flights
[2023-01-30T12:56:07.715+0000] {task_command.py:388} INFO - Running <TaskInstance: flights_data.mirror_flights manual__2023-01-30T12:56:06.439263+00:00 [running]> on host f9ad67e64070
[2023-01-30T12:56:07.765+0000] {taskinstance.py:1509} INFO - Exporting the following env vars:
AIRFLOW_CTX_DAG_OWNER=***
AIRFLOW_CTX_DAG_ID=flights_data
AIRFLOW_CTX_TASK_ID=mirror_flights
AIRFLOW_CTX_EXECUTION_DATE=2023-01-30T12:56:06.439263+00:00
AIRFLOW_CTX_TRY_NUMBER=1
AIRFLOW_CTX_DAG_RUN_ID=manual__2023-01-30T12:56:06.439263+00:00
[2023-01-30T12:56:08.055+0000] {python.py:177} INFO - Done. Returned value was: None
[2023-01-30T12:56:08.065+0000] {taskinstance.py:1323} INFO - Marking task as SUCCESS. dag_id=flights_data, task_id=mirror_flights, execution_date=20230130T125606, start_date=20230130T125607, end_date=20230130T125608
[2023-01-30T12:56:08.111+0000] {local_task_job.py:208} INFO - Task exited with return code 0
[2023-01-30T12:56:08.136+0000] {taskinstance.py:2578} INFO - 0 downstream tasks scheduled from follow-on schedule check
